Build started 2/17/2012 12:17:37 PM.
     1>Project "D:\Dropbox\ColumbiaCollege\IntroProgramming1\Code\DragRace\DragRace\DragRace.vcxproj" on node 2 (build target(s)).
     1>InitializeBuildStatus:
         Touching "Debug\DragRace.unsuccessfulbuild".
       GenerateTargetFrameworkMonikerAttribute:
       Skipping target "GenerateTargetFrameworkMonikerAttribute" because all output files are up-to-date with respect to the input files.
       ClCompile:
         All outputs are up-to-date.
         C:\Program Files (x86)\Microsoft Visual Studio 10.0\VC\bin\CL.exe /c /AI"C:\Program Files (x86)\Reference Assemblies\Microsoft\Framework\.NETFramework\v4.0" /Zi /clr:pure /nologo /W3 /WX- /Od /Oy- /D WIN32 /D _DEBUG /D _UNICODE /D UNICODE /EHa /MDd /GS /fp:precise /Zc:wchar_t /Zc:forScope /Yu"StdAfx.h" /Fp"Debug\DragRace.pch" /Fo"Debug\\" /Fd"Debug\vc100.pdb" /TP /FU"C:\Program Files (x86)\Reference Assemblies\Microsoft\Framework\.NETFramework\v4.0\System.Core.dll" /FU"C:\Program Files (x86)\Reference Assemblies\Microsoft\Framework\.NETFramework\v4.0\System.Data.dll" /FU"C:\Program Files (x86)\Reference Assemblies\Microsoft\Framework\.NETFramework\v4.0\System.dll" /FU"C:\Program Files (x86)\Reference Assemblies\Microsoft\Framework\.NETFramework\v4.0\System.Drawing.dll" /FU"C:\Program Files (x86)\Reference Assemblies\Microsoft\Framework\.NETFramework\v4.0\System.Windows.Forms.dll" /FU"C:\Program Files (x86)\Reference Assemblies\Microsoft\Framework\.NETFramework\v4.0\System.Xml.dll" /analyze- /errorReport:prompt Creator.cpp DragRace.cpp /clr:nostdlib 
         Creator.cpp
     1>d:\dropbox\columbiacollege\introprogramming1\code\dragrace\dragrace\Form1.h(107): error C2065: 'mainInstance' : undeclared identifier
     1>d:\dropbox\columbiacollege\introprogramming1\code\dragrace\dragrace\Form1.h(107): error C2228: left of '.initSettings' must have class/struct/union
                 type is ''unknown-type''
     1>Creator.cpp(11): error C3145: 'mainInstance' : global or static variable may not have managed type 'MainClass'
                 may not declare a global or static variable, or a member of a native type that refers to objects in the gc heap
     1>Creator.cpp(12): error C3145: 'thisRace' : global or static variable may not have managed type 'Race'
                 may not declare a global or static variable, or a member of a native type that refers to objects in the gc heap
     1>Creator.cpp(13): error C3145: 'car1' : global or static variable may not have managed type 'Car'
                 may not declare a global or static variable, or a member of a native type that refers to objects in the gc heap
     1>Creator.cpp(14): error C3145: 'car2' : global or static variable may not have managed type 'Car'
                 may not declare a global or static variable, or a member of a native type that refers to objects in the gc heap
         DragRace.cpp
         Generating Code...
     1>Done Building Project "D:\Dropbox\ColumbiaCollege\IntroProgramming1\Code\DragRace\DragRace\DragRace.vcxproj" (build target(s)) -- FAILED.

Build FAILED.

Time Elapsed 00:00:04.69
